<?xml version="1.0" encoding="UTF-8"?>
<testng-results ignored="0" total="2" passed="2" failed="0" skipped="0">
  <reporter-output>
  </reporter-output>
  <suite started-at="2024-03-13T21:24:26 IST" name="Suite" finished-at="2024-03-13T21:24:26 IST" duration-ms="58">
    <groups>
    </groups>
    <test started-at="2024-03-13T21:24:26 IST" name="Test" finished-at="2024-03-13T21:24:26 IST" duration-ms="58">
      <class name="testngex.logimplemenattion">
        <test-method signature="tex2t()[pri:0, instance:testngex.logimplemenattion@3a62c01e]" started-at="2024-03-13T21:24:26 IST" name="tex2t" finished-at="2024-03-13T21:24:26 IST" duration-ms="14" status="PASS">
          <reporter-output>
          </reporter-output>
        </test-method> <!-- tex2t -->
        <test-method signature="text()[pri:0, instance:testngex.logimplemenattion@3a62c01e]" started-at="2024-03-13T21:24:26 IST" name="text" finished-at="2024-03-13T21:24:26 IST" duration-ms="1" status="PASS">
          <reporter-output>
          </reporter-output>
        </test-method> <!-- text -->
      </class> <!-- testngex.logimplemenattion -->
    </test> <!-- Test -->
  </suite> <!-- Suite -->
</testng-results>
