<?xml version="1.0" encoding="UTF-8"?>
<!-- Generated by org.testng.reporters.JUnitXMLReporter -->
<testsuite ignored="0" hostname="suharika" failures="1" tests="6" name="smokeTest" time="0.028" errors="0" timestamp="2024-03-07T07:57:05 IST">
  <testcase classname="testngex.NewTest" name="f" time="0.001"/>
  <testcase classname="testngex.NewTest" name="f4" time="0.003"/>
  <testcase classname="testngex.NewTest" name="f5" time="0.001"/>
  <testcase classname="testngex.NewTest" name="f6" time="0.001"/>
  <testcase classname="testngex.NewTest" name="f1" time="0.001">
    <failure type="java.lang.AssertionError" message="expected [true] but found [false]">
      <![CDATA[java.lang.AssertionError: expected [true] but found [false]
at testngex.NewTest.f1(NewTest.java:28)
at java.base/java.util.ArrayList.forEach(ArrayList.java:1511)
... Removed 33 stack frames]]>
    </failure>
  </testcase> <!-- f1 -->
  <testcase classname="testngex.NewTest" name="f2" time="0.001"/>
</testsuite> <!-- smokeTest -->
